<?xml version="1.0" encoding="UTF-8"?>
<!-- Generated by org.testng.reporters.JUnitXMLReporter -->
<testsuite ignored="0" hostname="Bibhu" failures="0" tests="8" name="Test" time="5.782" errors="0" timestamp="2024-08-12T04:55:37 IST">
  <testcase classname="com.restAssured.apiAuto.LibrarySchemaValidation" name="@AfterTest deleteBookId" time="0.124">
    <failure type="java.lang.AssertionError" message="1 expectation failed.
Expected status code &amp;lt;200&amp;gt; but was &amp;lt;404&amp;gt;.
">
      <![CDATA[java.lang.AssertionError: 1 expectation failed.
Expected status code <200> but was <404>.

at org.codehaus.groovy.runtime.callsite.ConstructorSite$ConstructorSiteNoUnwrapNoCoerce.callConstructor(ConstructorSite.java:108)
at org.codehaus.groovy.runtime.callsite.CallSiteArray.defaultCallConstructor(CallSiteArray.java:57)
at org.codehaus.groovy.runtime.callsite.AbstractCallSite.callConstructor(AbstractCallSite.java:263)
at org.codehaus.groovy.runtime.callsite.AbstractCallSite.callConstructor(AbstractCallSite.java:277)
at io.restassured.internal.ResponseSpecificationImpl$HamcrestAssertionClosure.validate(ResponseSpecificationImpl.groovy:512)
at io.restassured.internal.ResponseSpecificationImpl$HamcrestAssertionClosure$validate$1.call(Unknown Source)
at io.restassured.internal.ResponseSpecificationImpl.validateResponseIfRequired(ResponseSpecificationImpl.groovy:696)
at io.restassured.internal.ResponseSpecificationImpl.this$2$validateResponseIfRequired(ResponseSpecificationImpl.groovy)
at org.codehaus.groovy.runtime.callsite.PlainObjectMetaMethodSite.doInvoke(PlainObjectMetaMethodSite.java:43)
at org.codehaus.groovy.runtime.callsite.PogoMetaMethodSite$PogoCachedMethodSiteNoUnwrapNoCoerce.invoke(PogoMetaMethodSite.java:198)
at org.codehaus.groovy.runtime.callsite.PogoMetaMethodSite.callCurrent(PogoMetaMethodSite.java:62)
at org.codehaus.groovy.runtime.callsite.AbstractCallSite.callCurrent(AbstractCallSite.java:185)
at io.restassured.internal.ResponseSpecificationImpl.statusCode(ResponseSpecificationImpl.groovy:135)
at io.restassured.specification.ResponseSpecification$statusCode$0.callCurrent(Unknown Source)
at io.restassured.internal.ResponseSpecificationImpl.statusCode(ResponseSpecificationImpl.groovy:143)
at io.restassured.internal.ValidatableResponseOptionsImpl.statusCode(ValidatableResponseOptionsImpl.java:89)
at com.restAssured.apiAuto_Actions.AddLibraryAction.deleteBook(AddLibraryAction.java:52)
at com.restAssured.apiAuto.LibrarySchemaValidation.deleteBookId(LibrarySchemaValidation.java:50)
... Removed 28 stack frames]]>
    </failure>
  </testcase> <!-- @AfterTest deleteBookId -->
  <testcase classname="com.restAssured.apiAuto.LibrarySchemaValidation" name="validateGetBookWithIdSchema" time="2.677"/>
  <testcase classname="com.restAssured.apiAuto.SpecBuilder" name="addbookInLibrary" time="0.254"/>
  <testcase classname="com.restAssured.apiAuto.SpecBuilder" name="deleteBookFromLibrary" time="0.172"/>
  <testcase classname="com.restAssured.apiAuto.Library" name="addBookIntoLibrary" time="0.285"/>
  <testcase classname="com.restAssured.apiAuto.Library" name="getTheBookDetailsById" time="0.259"/>
  <testcase classname="com.restAssured.apiAuto.Library" name="getTheBookDetailsByAuthorName" time="0.217"/>
  <testcase classname="com.restAssured.apiAuto.Library" name="deleteBookFromLibrary" time="0.179"/>
  <testcase classname="com.restAssured.apiAuto.AddNewPlace" name="addPlace" time="1.517"/>
</testsuite> <!-- Test -->
