<?xml version="1.0" encoding="UTF-8"?>
<testng-results ignored="0" total="8" passed="8" failed="0" skipped="0">
  <reporter-output>
  </reporter-output>
  <suite started-at="2024-08-12T04:55:32 IST" name="Suite" finished-at="2024-08-12T04:55:37 IST" duration-ms="5782">
    <groups>
    </groups>
    <test started-at="2024-08-12T04:55:32 IST" name="Test" finished-at="2024-08-12T04:55:37 IST" duration-ms="5782">
      <class name="com.restAssured.apiAuto.AddNewPlace">
        <test-method signature="addPlace()[pri:0, instance:com.restAssured.apiAuto.AddNewPlace@6200f9cb]" started-at="2024-08-12T04:55:36 IST" name="addPlace" finished-at="2024-08-12T04:55:37 IST" duration-ms="1517" status="PASS">
          <reporter-output>
          </reporter-output>
        </test-method> <!-- addPlace -->
      </class> <!-- com.restAssured.apiAuto.AddNewPlace -->
      <class name="com.restAssured.apiAuto.Library">
        <test-method is-config="true" signature="setup()[pri:0, instance:com.restAssured.apiAuto.Library@20d525]" started-at="2024-08-12T04:55:31 IST" name="setup" finished-at="2024-08-12T04:55:32 IST" duration-ms="274" status="PASS">
          <reporter-output>
          </reporter-output>
        </test-method> <!-- setup -->
        <test-method signature="addBookIntoLibrary()[pri:1, instance:com.restAssured.apiAuto.Library@20d525]" started-at="2024-08-12T04:55:35 IST" name="addBookIntoLibrary" finished-at="2024-08-12T04:55:35 IST" duration-ms="285" status="PASS">
          <reporter-output>
          </reporter-output>
        </test-method> <!-- addBookIntoLibrary -->
        <test-method signature="getTheBookDetailsById()[pri:2, instance:com.restAssured.apiAuto.Library@20d525]" started-at="2024-08-12T04:55:35 IST" name="getTheBookDetailsById" finished-at="2024-08-12T04:55:35 IST" duration-ms="259" status="PASS">
          <reporter-output>
          </reporter-output>
        </test-method> <!-- getTheBookDetailsById -->
        <test-method signature="getTheBookDetailsByAuthorName()[pri:3, instance:com.restAssured.apiAuto.Library@20d525]" started-at="2024-08-12T04:55:35 IST" name="getTheBookDetailsByAuthorName" finished-at="2024-08-12T04:55:36 IST" duration-ms="217" status="PASS">
          <reporter-output>
          </reporter-output>
        </test-method> <!-- getTheBookDetailsByAuthorName -->
        <test-method signature="deleteBookFromLibrary()[pri:4, instance:com.restAssured.apiAuto.Library@20d525]" started-at="2024-08-12T04:55:36 IST" name="deleteBookFromLibrary" finished-at="2024-08-12T04:55:36 IST" duration-ms="179" status="PASS">
          <reporter-output>
          </reporter-output>
        </test-method> <!-- deleteBookFromLibrary -->
      </class> <!-- com.restAssured.apiAuto.Library -->
      <class name="com.restAssured.apiAuto.LibrarySchemaValidation">
        <test-method is-config="true" signature="setup()[pri:0, instance:com.restAssured.apiAuto.LibrarySchemaValidation@131ef10]" started-at="2024-08-12T04:55:32 IST" name="setup" finished-at="2024-08-12T04:55:32 IST" duration-ms="1" status="PASS">
          <reporter-output>
          </reporter-output>
        </test-method> <!-- setup -->
        <test-method signature="validateGetBookWithIdSchema()[pri:0, instance:com.restAssured.apiAuto.LibrarySchemaValidation@131ef10]" started-at="2024-08-12T04:55:32 IST" name="validateGetBookWithIdSchema" finished-at="2024-08-12T04:55:34 IST" duration-ms="2677" status="PASS">
          <reporter-output>
          </reporter-output>
        </test-method> <!-- validateGetBookWithIdSchema -->
        <test-method is-config="true" signature="deleteBookId()[pri:0, instance:com.restAssured.apiAuto.LibrarySchemaValidation@131ef10]" started-at="2024-08-12T04:55:37 IST" name="deleteBookId" finished-at="2024-08-12T04:55:37 IST" duration-ms="124" status="FAIL">
          <exception class="java.lang.AssertionError">
            <message>
              <![CDATA[1 expectation failed.
Expected status code <200> but was <404>.
]]>
            </message>
            <full-stacktrace>
              <![CDATA[java.lang.AssertionError: 1 expectation failed.
Expected status code <200> but was <404>.

at java.base/jdk.internal.reflect.DirectConstructorHandleAccessor.newInstance(DirectConstructorHandleAccessor.java:62)
at java.base/java.lang.reflect.Constructor.newInstanceWithCaller(Constructor.java:502)
at java.base/java.lang.reflect.Constructor.newInstance(Constructor.java:486)
at org.codehaus.groovy.reflection.CachedConstructor.invoke(CachedConstructor.java:73)
at org.codehaus.groovy.runtime.callsite.ConstructorSite$ConstructorSiteNoUnwrapNoCoerce.callConstructor(ConstructorSite.java:108)
at org.codehaus.groovy.runtime.callsite.CallSiteArray.defaultCallConstructor(CallSiteArray.java:57)
at org.codehaus.groovy.runtime.callsite.AbstractCallSite.callConstructor(AbstractCallSite.java:263)
at org.codehaus.groovy.runtime.callsite.AbstractCallSite.callConstructor(AbstractCallSite.java:277)
at io.restassured.internal.ResponseSpecificationImpl$HamcrestAssertionClosure.validate(ResponseSpecificationImpl.groovy:512)
at io.restassured.internal.ResponseSpecificationImpl$HamcrestAssertionClosure$validate$1.call(Unknown Source)
at io.restassured.internal.ResponseSpecificationImpl.validateResponseIfRequired(ResponseSpecificationImpl.groovy:696)
at io.restassured.internal.ResponseSpecificationImpl.this$2$validateResponseIfRequired(ResponseSpecificationImpl.groovy)
at java.base/jdk.internal.reflect.DirectMethodHandleAccessor.invoke(DirectMethodHandleAccessor.java:103)
at java.base/java.lang.reflect.Method.invoke(Method.java:580)
at org.codehaus.groovy.runtime.callsite.PlainObjectMetaMethodSite.doInvoke(PlainObjectMetaMethodSite.java:43)
at org.codehaus.groovy.runtime.callsite.PogoMetaMethodSite$PogoCachedMethodSiteNoUnwrapNoCoerce.invoke(PogoMetaMethodSite.java:198)
at org.codehaus.groovy.runtime.callsite.PogoMetaMethodSite.callCurrent(PogoMetaMethodSite.java:62)
at org.codehaus.groovy.runtime.callsite.AbstractCallSite.callCurrent(AbstractCallSite.java:185)
at io.restassured.internal.ResponseSpecificationImpl.statusCode(ResponseSpecificationImpl.groovy:135)
at io.restassured.specification.ResponseSpecification$statusCode$0.callCurrent(Unknown Source)
at io.restassured.internal.ResponseSpecificationImpl.statusCode(ResponseSpecificationImpl.groovy:143)
at io.restassured.internal.ValidatableResponseOptionsImpl.statusCode(ValidatableResponseOptionsImpl.java:89)
at com.restAssured.apiAuto_Actions.AddLibraryAction.deleteBook(AddLibraryAction.java:52)
at com.restAssured.apiAuto.LibrarySchemaValidation.deleteBookId(LibrarySchemaValidation.java:50)
at java.base/jdk.internal.reflect.DirectMethodHandleAccessor.invoke(DirectMethodHandleAccessor.java:103)
at java.base/java.lang.reflect.Method.invoke(Method.java:580)
at org.testng.internal.invokers.MethodInvocationHelper.invokeMethod(MethodInvocationHelper.java:141)
at org.testng.internal.invokers.MethodInvocationHelper.invokeMethodConsideringTimeout(MethodInvocationHelper.java:71)
at org.testng.internal.invokers.ConfigInvoker.invokeConfigurationMethod(ConfigInvoker.java:400)
at org.testng.internal.invokers.ConfigInvoker.invokeConfigurations(ConfigInvoker.java:333)
at org.testng.TestRunner.invokeTestConfigurations(TestRunner.java:655)
at org.testng.TestRunner.afterRun(TestRunner.java:818)
at org.testng.TestRunner.run(TestRunner.java:616)
at org.testng.SuiteRunner.runTest(SuiteRunner.java:421)
at org.testng.SuiteRunner.runSequentially(SuiteRunner.java:413)
at org.testng.SuiteRunner.privateRun(SuiteRunner.java:373)
at org.testng.SuiteRunner.run(SuiteRunner.java:312)
at org.testng.SuiteRunnerWorker.runSuite(SuiteRunnerWorker.java:52)
at org.testng.SuiteRunnerWorker.run(SuiteRunnerWorker.java:95)
at org.testng.TestNG.runSuitesSequentially(TestNG.java:1274)
at org.testng.TestNG.runSuitesLocally(TestNG.java:1208)
at org.testng.TestNG.runSuites(TestNG.java:1112)
at org.testng.TestNG.run(TestNG.java:1079)
at org.testng.remote.AbstractRemoteTestNG.run(AbstractRemoteTestNG.java:115)
at org.testng.remote.RemoteTestNG.initAndRun(RemoteTestNG.java:293)
at org.testng.remote.RemoteTestNG.main(RemoteTestNG.java:91)
]]>
            </full-stacktrace>
          </exception> <!-- java.lang.AssertionError -->
          <reporter-output>
          </reporter-output>
        </test-method> <!-- deleteBookId -->
      </class> <!-- com.restAssured.apiAuto.LibrarySchemaValidation -->
      <class name="com.restAssured.apiAuto.SpecBuilder">
        <test-method is-config="true" signature="setup()[pri:0, instance:com.restAssured.apiAuto.SpecBuilder@7c9d8e2]" started-at="2024-08-12T04:55:32 IST" name="setup" finished-at="2024-08-12T04:55:32 IST" duration-ms="0" status="PASS">
          <reporter-output>
          </reporter-output>
        </test-method> <!-- setup -->
        <test-method signature="addbookInLibrary()[pri:1, instance:com.restAssured.apiAuto.SpecBuilder@7c9d8e2]" started-at="2024-08-12T04:55:34 IST" name="addbookInLibrary" finished-at="2024-08-12T04:55:35 IST" duration-ms="254" status="PASS">
          <reporter-output>
          </reporter-output>
        </test-method> <!-- addbookInLibrary -->
        <test-method signature="deleteBookFromLibrary()[pri:2, instance:com.restAssured.apiAuto.SpecBuilder@7c9d8e2]" started-at="2024-08-12T04:55:35 IST" name="deleteBookFromLibrary" finished-at="2024-08-12T04:55:35 IST" duration-ms="172" status="PASS">
          <reporter-output>
          </reporter-output>
        </test-method> <!-- deleteBookFromLibrary -->
      </class> <!-- com.restAssured.apiAuto.SpecBuilder -->
    </test> <!-- Test -->
  </suite> <!-- Suite -->
</testng-results>
